 I J M_lda_ij SD_lda_ij M_omega_ij SD_omega_ij
    1     1      7.14179037      0.44438328      2.12257886      0.10781615
    1     2     -3.56016208      0.22015447      2.40592272      0.12395190
    1     3     -2.80950941      0.23564713      1.67952938      0.06346667
    1     4     -0.44569672      0.32169879      0.64671708      0.02265589
    1     5      0.08044508      0.03537391      8.75625261      0.82016668
    1     6      1.08054989      0.23745329     -0.17554492      0.03388070
    1     7     -0.05110446      0.02687670     -0.28386791      0.08880081
    1     8     -0.27459804      0.06552476      4.25935032      0.62564920
    1     9     -0.12948531      0.04244323     -0.66553686      0.06348109
    2     1     -3.56016208      0.22015447      2.40592272      0.12395190
    2     2      8.35159194      0.78039740      2.99968941      0.16744056
    2     3     -0.65097111      0.25492358      1.93942677      0.06895015
    2     4     -0.33973452      0.47231383      0.73567191      0.02660111
    2     5     -0.62301503      0.04387016     10.80520573      0.94435315
    2     6     -0.68341569      0.24150767     -0.20848188      0.04561736
    2     7      0.07267051      0.04680157     -0.39220392      0.09849830
    2     8     -1.36455098      0.13240921      5.32680788      0.73238325
    2     9      0.08171987      0.05276260     -0.77770814      0.08303535
    3     1     -2.80950941      0.23564713      1.67952938      0.06346667
    3     2     -0.65097111      0.25492358      1.93942677      0.06895015
    3     3      8.03220958      0.35834628      1.58598392      0.05303540
    3     4     -7.78159220      0.57812043      0.63033679      0.02242046
    3     5     -0.12529945      0.05614269      7.28022123      0.82457827
    3     6     -0.97018428      0.34715359     -0.10546978      0.02048717
    3     7      0.09108729      0.03449562     -0.22652536      0.07058765
    3     8      0.04631890      0.08644093      3.27404187      0.55786256
    3     9      0.34796568      0.04850687     -0.62643507      0.04635673
    4     1     -0.44569672      0.32169879      0.64671708      0.02265589
    4     2     -0.33973452      0.47231383      0.73567191      0.02660111
    4     3     -7.78159220      0.57812043      0.63033679      0.02242046
    4     4     19.84343726      1.53559518      0.31497042      0.01113392
    4     5     -0.51313774      0.13477274      2.86696220      0.42085709
    4     6     -0.29602474      0.76782557     -0.01400883      0.00697199
    4     7     -0.16254475      0.06216458      0.03305459      0.02647651
    4     8      1.52483166      0.27401699      1.14598117      0.25481864
    4     9     -0.18277864      0.08117393     -0.15265446      0.02158958
    5     1      0.08044508      0.03537391      8.75625261      0.82016668
    5     2     -0.62301503      0.04387016     10.80520573      0.94435315
    5     3     -0.12529945      0.05614269      7.28022123      0.82457827
    5     4     -0.51313774      0.13477274      2.86696220      0.42085709
    5     5      0.29309057      0.02864859     43.77129831      8.42009542
    5     6     -0.07554280      0.07948296     -0.64603218      0.10668865
    5     7     -0.00586876      0.00933118     -0.85632445      0.39552396
    5     8     -0.16911154      0.03040407     19.99736960      4.88034071
    5     9     -0.02005604      0.01262150     -2.36475173      0.25135629
    6     1      1.08054989      0.23745329     -0.17554492      0.03388070
    6     2     -0.68341569      0.24150767     -0.20848188      0.04561736
    6     3     -0.97018428      0.34715359     -0.10546978      0.02048717
    6     4     -0.29602474      0.76782557     -0.01400883      0.00697199
    6     5     -0.07554280      0.07948296     -0.64603218      0.10668865
    6     6      9.43939358      0.62824444      0.20766601      0.02252115
    6     7     -0.26621760      0.02850293      0.46648666      0.03302648
    6     8      0.67772606      0.18929089     -0.49550793      0.04317205
    6     9     -0.99529024      0.05750675      0.59135383      0.03876313
    7     1     -0.05110446      0.02687670     -0.28386791      0.08880081
    7     2      0.07267051      0.04680157     -0.39220392      0.09849830
    7     3      0.09108729      0.03449562     -0.22652536      0.07058765
    7     4     -0.16254475      0.06216458      0.03305459      0.02647651
    7     5     -0.00586876      0.00933118     -0.85632445      0.39552396
    7     6     -0.26621760      0.02850293      0.46648666      0.03302648
    7     7      0.14710288      0.00796151      8.12809266      0.40181799
    7     8     -0.01852391      0.01025751     -0.83731550      0.16238285
    7     9     -0.02366023      0.00384688      1.90422449      0.10997418
    8     1     -0.27459804      0.06552476      4.25935032      0.62564920
    8     2     -1.36455098      0.13240921      5.32680788      0.73238325
    8     3      0.04631890      0.08644093      3.27404187      0.55786256
    8     4      1.52483166      0.27401699      1.14598117      0.25481864
    8     5     -0.16911154      0.03040407     19.99736960      4.88034071
    8     6      0.67772606      0.18929089     -0.49550793      0.04317205
    8     7     -0.01852391      0.01025751     -0.83731550      0.16238285
    8     8      1.06769888      0.29871508     11.17208936      3.13759504
    8     9     -0.03941112      0.01671617     -1.50349551      0.16676121
    9     1     -0.12948531      0.04244323     -0.66553686      0.06348109
    9     2      0.08171987      0.05276260     -0.77770814      0.08303535
    9     3      0.34796568      0.04850687     -0.62643507      0.04635673
    9     4     -0.18277864      0.08117393     -0.15265446      0.02158958
    9     5     -0.02005604      0.01262150     -2.36475173      0.25135629
    9     6     -0.99529024      0.05750675      0.59135383      0.03876313
    9     7     -0.02366023      0.00384688      1.90422449      0.10997418
    9     8     -0.03941112      0.01671617     -1.50349551      0.16676121
    9     9      0.35907565      0.01277986      4.73695704      0.17850265
